Compiling the C compiler identification source file "CMakeCCompilerId.c" failed.
Compiler: /mnt/c/Program Files/Raspberry Pi/Pico SDK v1.5.1/gcc-arm-none-eabi/bin/arm-none-eabi-gcc.exe 
Build flags: ;-mcpu=cortex-m0plus;-mthumb
Id flags:  

The output was:
1
arm-none-eabi-gcc.exe: fatal error: cannot execute 'cc1': CreateProcess: No such file or directory
compilation terminated.


Compiling the C compiler identification source file "CMakeCCompilerId.c" failed.
Compiler: /mnt/c/Program Files/Raspberry Pi/Pico SDK v1.5.1/gcc-arm-none-eabi/bin/arm-none-eabi-gcc.exe 
Build flags: ;-mcpu=cortex-m0plus;-mthumb
Id flags: -c 

The output was:
1
arm-none-eabi-gcc.exe: fatal error: cannot execute 'cc1': CreateProcess: No such file or directory
compilation terminated.


Compiling the C compiler identification source file "CMakeCCompilerId.c" failed.
Compiler: /mnt/c/Program Files/Raspberry Pi/Pico SDK v1.5.1/gcc-arm-none-eabi/bin/arm-none-eabi-gcc.exe 
Build flags: ;-mcpu=cortex-m0plus;-mthumb
Id flags: -Aa 

The output was:
1
arm-none-eabi-gcc.exe: fatal error: cannot execute 'cc1': CreateProcess: No such file or directory
compilation terminated.


Compiling the C compiler identification source file "CMakeCCompilerId.c" failed.
Compiler: /mnt/c/Program Files/Raspberry Pi/Pico SDK v1.5.1/gcc-arm-none-eabi/bin/arm-none-eabi-gcc.exe 
Build flags: ;-mcpu=cortex-m0plus;-mthumb
Id flags: -D__CLASSIC_C__ 

The output was:
1
arm-none-eabi-gcc.exe: fatal error: cannot execute 'cc1': CreateProcess: No such file or directory
compilation terminated.


Compiling the C compiler identification source file "CMakeCCompilerId.c" failed.
Compiler: /mnt/c/Program Files/Raspberry Pi/Pico SDK v1.5.1/gcc-arm-none-eabi/bin/arm-none-eabi-gcc.exe 
Build flags: ;-mcpu=cortex-m0plus;-mthumb
Id flags: --target=arm-arm-none-eabi;-mcpu=cortex-m3 

The output was:
1
arm-none-eabi-gcc.exe: error: unrecognized command-line option '--target=arm-arm-none-eabi'


Compiling the C compiler identification source file "CMakeCCompilerId.c" failed.
Compiler: /mnt/c/Program Files/Raspberry Pi/Pico SDK v1.5.1/gcc-arm-none-eabi/bin/arm-none-eabi-gcc.exe 
Build flags: ;-mcpu=cortex-m0plus;-mthumb
Id flags: -c;-I__does_not_exist__ 

The output was:
1
arm-none-eabi-gcc.exe: fatal error: cannot execute 'cc1': CreateProcess: No such file or directory
compilation terminated.


Compiling the C compiler identification source file "CMakeCCompilerId.c" failed.
Compiler: /mnt/c/Program Files/Raspberry Pi/Pico SDK v1.5.1/gcc-arm-none-eabi/bin/arm-none-eabi-gcc.exe 
Build flags: 
Id flags:  

The output was:
1
arm-none-eabi-gcc.exe: fatal error: cannot execute 'cc1': CreateProcess: No such file or directory
compilation terminated.


Compiling the C compiler identification source file "CMakeCCompilerId.c" failed.
Compiler: /mnt/c/Program Files/Raspberry Pi/Pico SDK v1.5.1/gcc-arm-none-eabi/bin/arm-none-eabi-gcc.exe 
Build flags: 
Id flags: -c 

The output was:
1
arm-none-eabi-gcc.exe: fatal error: cannot execute 'cc1': CreateProcess: No such file or directory
compilation terminated.


Compiling the C compiler identification source file "CMakeCCompilerId.c" failed.
Compiler: /mnt/c/Program Files/Raspberry Pi/Pico SDK v1.5.1/gcc-arm-none-eabi/bin/arm-none-eabi-gcc.exe 
Build flags: 
Id flags: -Aa 

The output was:
1
arm-none-eabi-gcc.exe: fatal error: cannot execute 'cc1': CreateProcess: No such file or directory
compilation terminated.


Compiling the C compiler identification source file "CMakeCCompilerId.c" failed.
Compiler: /mnt/c/Program Files/Raspberry Pi/Pico SDK v1.5.1/gcc-arm-none-eabi/bin/arm-none-eabi-gcc.exe 
Build flags: 
Id flags: -D__CLASSIC_C__ 

The output was:
1
arm-none-eabi-gcc.exe: fatal error: cannot execute 'cc1': CreateProcess: No such file or directory
compilation terminated.


Compiling the C compiler identification source file "CMakeCCompilerId.c" failed.
Compiler: /mnt/c/Program Files/Raspberry Pi/Pico SDK v1.5.1/gcc-arm-none-eabi/bin/arm-none-eabi-gcc.exe 
Build flags: 
Id flags: --target=arm-arm-none-eabi;-mcpu=cortex-m3 

The output was:
1
arm-none-eabi-gcc.exe: error: unrecognized command-line option '--target=arm-arm-none-eabi'


Compiling the C compiler identification source file "CMakeCCompilerId.c" failed.
Compiler: /mnt/c/Program Files/Raspberry Pi/Pico SDK v1.5.1/gcc-arm-none-eabi/bin/arm-none-eabi-gcc.exe 
Build flags: 
Id flags: -c;-I__does_not_exist__ 

The output was:
1
arm-none-eabi-gcc.exe: fatal error: cannot execute 'cc1': CreateProcess: No such file or directory
compilation terminated.


Checking whether the C compiler is IAR using "" did not match "IAR .+ Compiler":
arm-none-eabi-gcc.exe: fatal error: no input files
compilation terminated.
Checking whether the C compiler is IAR using "" did not match "IAR .+ Compiler":
arm-none-eabi-gcc.exe: fatal error: no input files
compilation terminated.
Compiling the CXX compiler identification source file "CMakeCXXCompilerId.cpp" failed.
Compiler: /mnt/c/Program Files/Raspberry Pi/Pico SDK v1.5.1/gcc-arm-none-eabi/bin/arm-none-eabi-g++.exe 
Build flags: ;-mcpu=cortex-m0plus;-mthumb
Id flags:  

The output was:
1
arm-none-eabi-g++.exe: fatal error: cannot execute 'cc1plus': CreateProcess: No such file or directory
compilation terminated.


Compiling the CXX compiler identification source file "CMakeCXXCompilerId.cpp" failed.
Compiler: /mnt/c/Program Files/Raspberry Pi/Pico SDK v1.5.1/gcc-arm-none-eabi/bin/arm-none-eabi-g++.exe 
Build flags: ;-mcpu=cortex-m0plus;-mthumb
Id flags: -c 

The output was:
1
arm-none-eabi-g++.exe: fatal error: cannot execute 'cc1plus': CreateProcess: No such file or directory
compilation terminated.


Compiling the CXX compiler identification source file "CMakeCXXCompilerId.cpp" failed.
Compiler: /mnt/c/Program Files/Raspberry Pi/Pico SDK v1.5.1/gcc-arm-none-eabi/bin/arm-none-eabi-g++.exe 
Build flags: ;-mcpu=cortex-m0plus;-mthumb
Id flags: --c++ 

The output was:
1
arm-none-eabi-g++.exe: error: unrecognized command-line option '--c++'


Compiling the CXX compiler identification source file "CMakeCXXCompilerId.cpp" failed.
Compiler: /mnt/c/Program Files/Raspberry Pi/Pico SDK v1.5.1/gcc-arm-none-eabi/bin/arm-none-eabi-g++.exe 
Build flags: ;-mcpu=cortex-m0plus;-mthumb
Id flags: --ec++ 

The output was:
1
arm-none-eabi-g++.exe: error: unrecognized command-line option '--ec++'; did you mean '-Weffc++'?


Compiling the CXX compiler identification source file "CMakeCXXCompilerId.cpp" failed.
Compiler: /mnt/c/Program Files/Raspberry Pi/Pico SDK v1.5.1/gcc-arm-none-eabi/bin/arm-none-eabi-g++.exe 
Build flags: ;-mcpu=cortex-m0plus;-mthumb
Id flags: --target=arm-arm-none-eabi;-mcpu=cortex-m3 

The output was:
1
arm-none-eabi-g++.exe: error: unrecognized command-line option '--target=arm-arm-none-eabi'


Compiling the CXX compiler identification source file "CMakeCXXCompilerId.cpp" failed.
Compiler: /mnt/c/Program Files/Raspberry Pi/Pico SDK v1.5.1/gcc-arm-none-eabi/bin/arm-none-eabi-g++.exe 
Build flags: ;-mcpu=cortex-m0plus;-mthumb
Id flags: -c;-I__does_not_exist__ 

The output was:
1
arm-none-eabi-g++.exe: fatal error: cannot execute 'cc1plus': CreateProcess: No such file or directory
compilation terminated.


Compiling the CXX compiler identification source file "CMakeCXXCompilerId.cpp" failed.
Compiler: /mnt/c/Program Files/Raspberry Pi/Pico SDK v1.5.1/gcc-arm-none-eabi/bin/arm-none-eabi-g++.exe 
Build flags: 
Id flags:  

The output was:
1
arm-none-eabi-g++.exe: fatal error: cannot execute 'cc1plus': CreateProcess: No such file or directory
compilation terminated.


Compiling the CXX compiler identification source file "CMakeCXXCompilerId.cpp" failed.
Compiler: /mnt/c/Program Files/Raspberry Pi/Pico SDK v1.5.1/gcc-arm-none-eabi/bin/arm-none-eabi-g++.exe 
Build flags: 
Id flags: -c 

The output was:
1
arm-none-eabi-g++.exe: fatal error: cannot execute 'cc1plus': CreateProcess: No such file or directory
compilation terminated.


Compiling the CXX compiler identification source file "CMakeCXXCompilerId.cpp" failed.
Compiler: /mnt/c/Program Files/Raspberry Pi/Pico SDK v1.5.1/gcc-arm-none-eabi/bin/arm-none-eabi-g++.exe 
Build flags: 
Id flags: --c++ 

The output was:
1
arm-none-eabi-g++.exe: error: unrecognized command-line option '--c++'


Compiling the CXX compiler identification source file "CMakeCXXCompilerId.cpp" failed.
Compiler: /mnt/c/Program Files/Raspberry Pi/Pico SDK v1.5.1/gcc-arm-none-eabi/bin/arm-none-eabi-g++.exe 
Build flags: 
Id flags: --ec++ 

The output was:
1
arm-none-eabi-g++.exe: error: unrecognized command-line option '--ec++'; did you mean '-Weffc++'?


Compiling the CXX compiler identification source file "CMakeCXXCompilerId.cpp" failed.
Compiler: /mnt/c/Program Files/Raspberry Pi/Pico SDK v1.5.1/gcc-arm-none-eabi/bin/arm-none-eabi-g++.exe 
Build flags: 
Id flags: --target=arm-arm-none-eabi;-mcpu=cortex-m3 

The output was:
1
arm-none-eabi-g++.exe: error: unrecognized command-line option '--target=arm-arm-none-eabi'


Compiling the CXX compiler identification source file "CMakeCXXCompilerId.cpp" failed.
Compiler: /mnt/c/Program Files/Raspberry Pi/Pico SDK v1.5.1/gcc-arm-none-eabi/bin/arm-none-eabi-g++.exe 
Build flags: 
Id flags: -c;-I__does_not_exist__ 

The output was:
1
arm-none-eabi-g++.exe: fatal error: cannot execute 'cc1plus': CreateProcess: No such file or directory
compilation terminated.


Checking whether the CXX compiler is IAR using "" did not match "IAR .+ Compiler":
arm-none-eabi-g++.exe: fatal error: no input files
compilation terminated.
Checking whether the CXX compiler is IAR using "" did not match "IAR .+ Compiler":
arm-none-eabi-g++.exe: fatal error: no input files
compilation terminated.
Detecting C compiler ABI info failed to compile with the following output:
Change Dir: /home/mark/pico-sync-motor-dev/build/CMakeFiles/CMakeTmp

Run Build Command(s):/usr/bin/gmake -f Makefile cmTC_cb197/fast && /usr/bin/gmake  -f CMakeFiles/cmTC_cb197.dir/build.make CMakeFiles/cmTC_cb197.dir/build
gmake[1]: Entering directory '/home/mark/pico-sync-motor-dev/build/CMakeFiles/CMakeTmp'
Building C object CMakeFiles/cmTC_cb197.dir/CMakeCCompilerABI.c.obj
"/mnt/c/Program Files/Raspberry Pi/Pico SDK v1.5.1/gcc-arm-none-eabi/bin/arm-none-eabi-gcc.exe"   -mcpu=cortex-m0plus -mthumb  -o CMakeFiles/cmTC_cb197.dir/CMakeCCompilerABI.c.obj -c /usr/share/cmake-3.22/Modules/CMakeCCompilerABI.c
arm-none-eabi-gcc.exe: fatal error: cannot execute 'cc1': CreateProcess: No such file or directory
compilation terminated.
gmake[1]: *** [CMakeFiles/cmTC_cb197.dir/build.make:78: CMakeFiles/cmTC_cb197.dir/CMakeCCompilerABI.c.obj] Error 1
gmake[1]: Leaving directory '/home/mark/pico-sync-motor-dev/build/CMakeFiles/CMakeTmp'
gmake: *** [Makefile:127: cmTC_cb197/fast] Error 2




Determining if the C compiler works failed with the following output:
Change Dir: /home/mark/pico-sync-motor-dev/build/CMakeFiles/CMakeTmp

Run Build Command(s):/usr/bin/gmake -f Makefile cmTC_85887/fast && /usr/bin/gmake  -f CMakeFiles/cmTC_85887.dir/build.make CMakeFiles/cmTC_85887.dir/build
gmake[1]: Entering directory '/home/mark/pico-sync-motor-dev/build/CMakeFiles/CMakeTmp'
Building C object CMakeFiles/cmTC_85887.dir/testCCompiler.c.obj
"/mnt/c/Program Files/Raspberry Pi/Pico SDK v1.5.1/gcc-arm-none-eabi/bin/arm-none-eabi-gcc.exe"   -mcpu=cortex-m0plus -mthumb  -o CMakeFiles/cmTC_85887.dir/testCCompiler.c.obj -c /home/mark/pico-sync-motor-dev/build/CMakeFiles/CMakeTmp/testCCompiler.c
arm-none-eabi-gcc.exe: fatal error: cannot execute 'cc1': CreateProcess: No such file or directory
compilation terminated.
gmake[1]: *** [CMakeFiles/cmTC_85887.dir/build.make:78: CMakeFiles/cmTC_85887.dir/testCCompiler.c.obj] Error 1
gmake[1]: Leaving directory '/home/mark/pico-sync-motor-dev/build/CMakeFiles/CMakeTmp'
gmake: *** [Makefile:127: cmTC_85887/fast] Error 2



